
  .   ____          _            __ _ _
 /\\ / ___'_ __ _ _(_)_ __  __ _ \ \ \ \
( ( )\___ | '_ | '_| | '_ \/ _` | \ \ \ \
 \\/  ___)| |_)| | | | | || (_| |  ) ) ) )
  '  |____| .__|_| |_|_| |_\__, | / / / /
 =========|_|==============|___/=/_/_/_/
 :: Spring Boot ::        (v2.2.5.RELEASE)

2020-03-22 16:42:17.265  INFO 4182 --- [           main] c.e.k.KarateFrameworkApplication         : Starting KarateFrameworkApplication v0.0.1-SNAPSHOT on Smits-MacBook-Pro.local with PID 4182 (/Users/Smit/Downloads/chrome/karateframework/target/karateframework-0.0.1-SNAPSHOT.jar started by Smit in /Users/Smit/Downloads/chrome/karateframework)
2020-03-22 16:42:17.267  INFO 4182 --- [           main] c.e.k.KarateFrameworkApplication         : No active profile set, falling back to default profiles: default
2020-03-22 16:42:18.111  INFO 4182 --- [           main] o.s.b.w.embedded.tomcat.TomcatWebServer  : Tomcat initialized with port(s): 8080 (http)
2020-03-22 16:42:18.123  INFO 4182 --- [           main] o.apache.catalina.core.StandardService   : Starting service [Tomcat]
2020-03-22 16:42:18.123  INFO 4182 --- [           main] org.apache.catalina.core.StandardEngine  : Starting Servlet engine: [Apache Tomcat/9.0.31]
2020-03-22 16:42:18.181  INFO 4182 --- [           main] o.a.c.c.C.[Tomcat].[localhost].[/]       : Initializing Spring embedded WebApplicationContext
2020-03-22 16:42:18.181  INFO 4182 --- [           main] o.s.web.context.ContextLoader            : Root WebApplicationContext: initialization completed in 865 ms
2020-03-22 16:42:18.305  INFO 4182 --- [           main] o.s.s.concurrent.ThreadPoolTaskExecutor  : Initializing ExecutorService 'applicationTaskExecutor'
2020-03-22 16:42:18.442  INFO 4182 --- [           main] o.s.b.w.embedded.tomcat.TomcatWebServer  : Tomcat started on port(s): 8080 (http) with context path ''
2020-03-22 16:42:18.445  INFO 4182 --- [           main] c.e.k.KarateFrameworkApplication         : Started KarateFrameworkApplication in 1.637 seconds (JVM running for 2.025)
2020-03-22 16:42:22.694  INFO 4182 --- [nio-8080-exec-1] o.a.c.c.C.[Tomcat].[localhost].[/]       : Initializing Spring DispatcherServlet 'dispatcherServlet'
2020-03-22 16:42:22.695  INFO 4182 --- [nio-8080-exec-1] o.s.web.servlet.DispatcherServlet        : Initializing Servlet 'dispatcherServlet'
2020-03-22 16:42:22.701  INFO 4182 --- [nio-8080-exec-1] o.s.web.servlet.DispatcherServlet        : Completed initialization in 6 ms

  .   ____          _            __ _ _
 /\\ / ___'_ __ _ _(_)_ __  __ _ \ \ \ \
( ( )\___ | '_ | '_| | '_ \/ _` | \ \ \ \
 \\/  ___)| |_)| | | | | || (_| |  ) ) ) )
  '  |____| .__|_| |_|_| |_\__, | / / / /
 =========|_|==============|___/=/_/_/_/
 :: Spring Boot ::        (v2.2.5.RELEASE)

2020-03-23 00:48:45.459  INFO 6260 --- [           main] c.e.k.KarateFrameworkApplication         : Starting KarateFrameworkApplication v0.0.1-SNAPSHOT on Smits-MacBook-Pro.local with PID 6260 (/Users/Smit/Downloads/chrome/karateframework/target/karateframework-0.0.1-SNAPSHOT.jar started by Smit in /Users/Smit/Downloads/chrome/karateframework)
2020-03-23 00:48:45.462  INFO 6260 --- [           main] c.e.k.KarateFrameworkApplication         : No active profile set, falling back to default profiles: default
2020-03-23 00:48:46.764  INFO 6260 --- [           main] o.s.b.w.embedded.tomcat.TomcatWebServer  : Tomcat initialized with port(s): 8080 (http)
2020-03-23 00:48:46.777  INFO 6260 --- [           main] o.apache.catalina.core.StandardService   : Starting service [Tomcat]
2020-03-23 00:48:46.778  INFO 6260 --- [           main] org.apache.catalina.core.StandardEngine  : Starting Servlet engine: [Apache Tomcat/9.0.31]
2020-03-23 00:48:46.848  INFO 6260 --- [           main] o.a.c.c.C.[Tomcat].[localhost].[/]       : Initializing Spring embedded WebApplicationContext
2020-03-23 00:48:46.848  INFO 6260 --- [           main] o.s.web.context.ContextLoader            : Root WebApplicationContext: initialization completed in 1327 ms
2020-03-23 00:48:47.025  INFO 6260 --- [           main] o.s.s.concurrent.ThreadPoolTaskExecutor  : Initializing ExecutorService 'applicationTaskExecutor'
2020-03-23 00:48:47.190  INFO 6260 --- [           main] o.apache.catalina.core.StandardService   : Stopping service [Tomcat]
2020-03-23 00:48:47.197  INFO 6260 --- [           main] ConditionEvaluationReportLoggingListener : 

Error starting ApplicationContext. To display the conditions report re-run your application with 'debug' enabled.
2020-03-23 00:48:47.199 ERROR 6260 --- [           main] o.s.b.d.LoggingFailureAnalysisReporter   : 

***************************
APPLICATION FAILED TO START
***************************

Description:

Web server failed to start. Port 8080 was already in use.

Action:

Identify and stop the process that's listening on port 8080 or configure this application to listen on another port.

2020-03-23 00:48:47.201  INFO 6260 --- [           main] o.s.s.concurrent.ThreadPoolTaskExecutor  : Shutting down ExecutorService 'applicationTaskExecutor'
2020-03-23 00:50:43.841  INFO 4182 --- [extShutdownHook] o.s.s.concurrent.ThreadPoolTaskExecutor  : Shutting down ExecutorService 'applicationTaskExecutor'

  .   ____          _            __ _ _
 /\\ / ___'_ __ _ _(_)_ __  __ _ \ \ \ \
( ( )\___ | '_ | '_| | '_ \/ _` | \ \ \ \
 \\/  ___)| |_)| | | | | || (_| |  ) ) ) )
  '  |____| .__|_| |_|_| |_\__, | / / / /
 =========|_|==============|___/=/_/_/_/
 :: Spring Boot ::        (v2.2.5.RELEASE)

2020-03-23 01:09:37.281  INFO 7061 --- [           main] c.e.k.KarateFrameworkApplication         : Starting KarateFrameworkApplication v0.0.1-SNAPSHOT on Smits-MacBook-Pro.local with PID 7061 (/Users/Smit/Downloads/chrome/karateframework/target/karateframework-0.0.1-SNAPSHOT.jar started by Smit in /Users/Smit/Downloads/chrome/karateframework)
2020-03-23 01:09:37.284  INFO 7061 --- [           main] c.e.k.KarateFrameworkApplication         : No active profile set, falling back to default profiles: default
2020-03-23 01:09:38.124  INFO 7061 --- [           main] o.s.b.w.embedded.tomcat.TomcatWebServer  : Tomcat initialized with port(s): 8080 (http)
2020-03-23 01:09:38.134  INFO 7061 --- [           main] o.apache.catalina.core.StandardService   : Starting service [Tomcat]
2020-03-23 01:09:38.134  INFO 7061 --- [           main] org.apache.catalina.core.StandardEngine  : Starting Servlet engine: [Apache Tomcat/9.0.31]
2020-03-23 01:09:38.189  INFO 7061 --- [           main] o.a.c.c.C.[Tomcat].[localhost].[/]       : Initializing Spring embedded WebApplicationContext
2020-03-23 01:09:38.189  INFO 7061 --- [           main] o.s.web.context.ContextLoader            : Root WebApplicationContext: initialization completed in 858 ms
2020-03-23 01:09:38.346  INFO 7061 --- [           main] o.s.s.concurrent.ThreadPoolTaskExecutor  : Initializing ExecutorService 'applicationTaskExecutor'
2020-03-23 01:09:38.488  INFO 7061 --- [           main] o.s.b.w.embedded.tomcat.TomcatWebServer  : Tomcat started on port(s): 8080 (http) with context path ''
2020-03-23 01:09:38.491  INFO 7061 --- [           main] c.e.k.KarateFrameworkApplication         : Started KarateFrameworkApplication in 1.564 seconds (JVM running for 1.959)
2020-03-23 01:09:54.790  INFO 7061 --- [nio-8080-exec-1] o.a.c.c.C.[Tomcat].[localhost].[/]       : Initializing Spring DispatcherServlet 'dispatcherServlet'
2020-03-23 01:09:54.790  INFO 7061 --- [nio-8080-exec-1] o.s.web.servlet.DispatcherServlet        : Initializing Servlet 'dispatcherServlet'
2020-03-23 01:09:54.796  INFO 7061 --- [nio-8080-exec-1] o.s.web.servlet.DispatcherServlet        : Completed initialization in 6 ms
2020-03-23 01:10:01.250  INFO 7061 --- [extShutdownHook] o.s.s.concurrent.ThreadPoolTaskExecutor  : Shutting down ExecutorService 'applicationTaskExecutor'
